<?xml version="1.0" encoding="UTF-8"?>
<testsuite xmlns:xsi="http://www.w3.org/2001/XMLSchema-instance" xsi:noNamespaceSchemaLocation="https://maven.apache.org/surefire/maven-surefire-plugin/xsd/surefire-test-report-3.0.xsd" version="3.0" name="br.edu.ifsul.cc.lpoo.skyrim.projetolpooe1_karmine.TestePersistenciaCompanion" time="1.72" tests="1" errors="0" skipped="0" failures="0">
  <properties>
[...]
</properties>
  <testcase name="TestePersistenciaDragonborn" classname="br.edu.ifsul.cc.lpoo.skyrim.projetolpooe1_karmine.TestePersistenciaCompanion" time="0.037">
    <system-out><![CDATA[Hibernate: alter table tb_companion drop constraint FK7deth066rk9eji452h87fwtxm
Hibernate: alter table tb_dragonborn drop constraint FKfua2a2utre495fwgsnt9vhlho
Hibernate: alter table tb_missoes drop constraint FKm4anoqfwao5o8t5padivsl3cn
Hibernate: drop table if exists tb_companion cascade
Hibernate: drop table if exists tb_dragonborn cascade
Hibernate: drop table if exists tb_missoes cascade
Hibernate: drop sequence if exists seq_companion_id
Hibernate: drop sequence if exists seq_dragonborn_id
Hibernate: drop sequence if exists seq_missoes_id
Hibernate: create sequence seq_companion_id start 1 increment 1
Hibernate: create sequence seq_dragonborn_id start 1 increment 1
Hibernate: create sequence seq_missoes_id start 1 increment 1
Hibernate: create table tb_companion (id int4 not null, dragonborn_nome varchar(255), nivel_companion int4 not null, nome_companion varchar(100) not null, raca_companion varchar(255) not null, primary key (id))
Hibernate: create table tb_dragonborn (id int4 not null, nivel_dragonborn int4 not null, nome_dragonborn varchar(100) not null, raca_dragonborn varchar(255) not null, companion_id int4, primary key (id))
Hibernate: create table tb_missoes (id int4 not null, descricao_missao varchar(200) not null, nome_missao varchar(100) not null, recomepensa_missao varchar(100), dragonborn_id int4 not null, primary key (id))
Hibernate: alter table tb_dragonborn add constraint UK_550052ssk7nbgkhmu3dsg0q5o unique (nome_dragonborn)
Hibernate: alter table tb_companion add constraint FK7deth066rk9eji452h87fwtxm foreign key (dragonborn_nome) references tb_dragonborn (nome_dragonborn)
Hibernate: alter table tb_dragonborn add constraint FKfua2a2utre495fwgsnt9vhlho foreign key (companion_id) references tb_companion
Hibernate: alter table tb_missoes add constraint FKm4anoqfwao5o8t5padivsl3cn foreign key (dragonborn_id) references tb_dragonborn
Hibernate: select nextval ('seq_companion_id')
Hibernate: insert into tb_companion (dragonborn_nome, nivel_companion, nome_companion, raca_companion, id) values (?, ?, ?, ?, ?)
Hibernate: select nextval ('seq_companion_id')
Hibernate: insert into tb_companion (dragonborn_nome, nivel_companion, nome_companion, raca_companion, id) values (?, ?, ?, ?, ?)
]]></system-out>
    <system-err><![CDATA[ago. 09, 2024 1:18:19 PM org.hibernate.ejb.HibernatePersistence logDeprecation
WARN: HHH015016: Encountered a deprecated javax.persistence.spi.PersistenceProvider [org.hibernate.ejb.HibernatePersistence]; use [org.hibernate.jpa.HibernatePersistenceProvider] instead.
ago. 09, 2024 1:18:19 PM org.hibernate.ejb.HibernatePersistence logDeprecation
WARN: HHH015016: Encountered a deprecated javax.persistence.spi.PersistenceProvider [org.hibernate.ejb.HibernatePersistence]; use [org.hibernate.jpa.HibernatePersistenceProvider] instead.
ago. 09, 2024 1:18:19 PM org.hibernate.jpa.internal.util.LogHelper logPersistenceUnitInformation
INFO: HHH000204: Processing PersistenceUnitInfo [
	name: pu_db_lpooe1_karmine
	...]
ago. 09, 2024 1:18:19 PM org.hibernate.Version logVersion
INFO: HHH000412: Hibernate Core {5.3.3.Final}
ago. 09, 2024 1:18:19 PM org.hibernate.cfg.Environment <clinit>
INFO: HHH000206: hibernate.properties not found
ago. 09, 2024 1:18:19 PM org.hibernate.annotations.common.reflection.java.JavaReflectionManager <clinit>
INFO: HCANN000001: Hibernate Commons Annotations {5.0.4.Final}
ago. 09, 2024 1:18:19 PM org.hibernate.engine.jdbc.connections.internal.DriverManagerConnectionProviderImpl configure
WARN: HHH10001002: Using Hibernate built-in connection pool (not for production use!)
ago. 09, 2024 1:18:19 PM org.hibernate.engine.jdbc.connections.internal.DriverManagerConnectionProviderImpl buildCreator
INFO: HHH10001005: using driver [org.postgresql.Driver] at URL [jdbc:postgresql://localhost:5432/db_lpooe1_karmine]
ago. 09, 2024 1:18:19 PM org.hibernate.engine.jdbc.connections.internal.DriverManagerConnectionProviderImpl buildCreator
INFO: HHH10001001: Connection properties: {password=****, user=postgres}
ago. 09, 2024 1:18:19 PM org.hibernate.engine.jdbc.connections.internal.DriverManagerConnectionProviderImpl buildCreator
INFO: HHH10001003: Autocommit mode: false
ago. 09, 2024 1:18:19 PM org.hibernate.engine.jdbc.connections.internal.DriverManagerConnectionProviderImpl$PooledConnections <init>
INFO: HHH000115: Hibernate connection pool size: 20 (min=1)
ago. 09, 2024 1:18:20 PM org.hibernate.dialect.Dialect <init>
INFO: HHH000400: Using dialect: org.hibernate.dialect.PostgreSQLDialect
ago. 09, 2024 1:18:20 PM org.hibernate.engine.jdbc.env.internal.LobCreatorBuilderImpl useContextualLobCreation
INFO: HHH000424: Disabling contextual LOB creation as createClob() method threw error : java.lang.reflect.InvocationTargetException
ago. 09, 2024 1:18:20 PM org.hibernate.type.BasicTypeRegistry register
INFO: HHH000270: Type registration [java.util.UUID] overrides previous : org.hibernate.type.UUIDBinaryType@2970a5bc
ago. 09, 2024 1:18:20 PM org.hibernate.resource.transaction.backend.jdbc.internal.DdlTransactionIsolatorNonJtaImpl getIsolatedConnection
INFO: HHH10001501: Connection obtained from JdbcConnectionAccess [org.hibernate.engine.jdbc.env.internal.JdbcEnvironmentInitiator$ConnectionProviderJdbcConnectionAccess@31e130bf] for (non-JTA) DDL execution was not in auto-commit mode; the Connection 'local transaction' will be committed and the Connection will be set into auto-commit mode.
ago. 09, 2024 1:18:20 PM org.hibernate.resource.transaction.backend.jdbc.internal.DdlTransactionIsolatorNonJtaImpl getIsolatedConnection
INFO: HHH10001501: Connection obtained from JdbcConnectionAccess [org.hibernate.engine.jdbc.env.internal.JdbcEnvironmentInitiator$ConnectionProviderJdbcConnectionAccess@5762658b] for (non-JTA) DDL execution was not in auto-commit mode; the Connection 'local transaction' will be committed and the Connection will be set into auto-commit mode.
ago. 09, 2024 1:18:20 PM org.hibernate.tool.schema.internal.SchemaCreatorImpl applyImportSources
INFO: HHH000476: Executing import script 'org.hibernate.tool.schema.internal.exec.ScriptSourceInputNonExistentImpl@28f4f300'
]]></system-err>
  </testcase>
</testsuite>